2015-05-20 11:20:52.495 challenge[7735:264238] DiskCookieStorage changing policy from 2 to 0, cookie file: file:///Users/averyleider/Library/Developer/CoreSimulator/Devices/97A940CF-F9D6-48FE-8727-259B29C77206/data/Containers/Data/Application/AB1FCC54-CBBE-4CE7-9CD4-0622E24BFDB4/Library/Cookies/Cookies.binarycookies
2015-05-20 11:20:52.924 challenge[7735:264238] Apache Cordova native platform version 3.8.0 is starting.
2015-05-20 11:20:52.925 challenge[7735:264238] Multi-tasking -> Device: YES, App: YES
2015-05-20 11:20:52.949 challenge[7735:264238] Unlimited access to network resources
2015-05-20 11:20:53.430 challenge[7735:264238] [CDVTimer][keyboard] 0.111997ms
2015-05-20 11:20:53.430 challenge[7735:264238] [CDVTimer][TotalPluginStartup] 0.446975ms
2015-05-20 11:20:54.165 challenge[7735:264238] Resetting plugins due to page load.
2015-05-20 11:20:54.520 challenge[7735:264238] Finished load of: file:///Users/averyleider/Library/Developer/CoreSimulator/Devices/97A940CF-F9D6-48FE-8727-259B29C77206/data/Containers/Bundle/Application/0307ECE6-4787-4B91-B991-9C7147742D0F/challenge.app/www/index.html#/dash
2015-05-20 11:22:23.488 challenge[8055:265722] DiskCookieStorage changing policy from 2 to 0, cookie file: file:///Users/averyleider/Library/Developer/CoreSimulator/Devices/97A940CF-F9D6-48FE-8727-259B29C77206/data/Containers/Data/Application/610E22A1-FEBC-47D0-8F9B-A87EF35864E7/Library/Cookies/Cookies.binarycookies
2015-05-20 11:22:23.568 challenge[8055:265722] Apache Cordova native platform version 3.8.0 is starting.
2015-05-20 11:22:23.568 challenge[8055:265722] Multi-tasking -> Device: YES, App: YES
2015-05-20 11:22:23.571 challenge[8055:265722] Unlimited access to network resources
2015-05-20 11:22:23.670 challenge[8055:265722] [CDVTimer][keyboard] 0.065982ms
2015-05-20 11:22:23.670 challenge[8055:265722] [CDVTimer][TotalPluginStartup] 0.283003ms
2015-05-20 11:22:23.768 challenge[8055:265722] Resetting plugins due to page load.
2015-05-20 11:22:23.945 challenge[8055:265722] Finished load of: file:///Users/averyleider/Library/Developer/CoreSimulator/Devices/97A940CF-F9D6-48FE-8727-259B29C77206/data/Containers/Bundle/Application/9B24FB57-D77E-45A6-B8EB-1108C8D546A7/challenge.app/www/index.html#/dash
2015-05-20 11:24:23.444 challenge[8516:267734] DiskCookieStorage changing policy from 2 to 0, cookie file: file:///Users/averyleider/Library/Developer/CoreSimulator/Devices/97A940CF-F9D6-48FE-8727-259B29C77206/data/Containers/Data/Application/3A9473B4-B539-41C8-B2E6-8E0AF3EFC9E0/Library/Cookies/Cookies.binarycookies
2015-05-20 11:24:23.523 challenge[8516:267734] Apache Cordova native platform version 3.8.0 is starting.
2015-05-20 11:24:23.524 challenge[8516:267734] Multi-tasking -> Device: YES, App: YES
2015-05-20 11:24:23.526 challenge[8516:267734] Unlimited access to network resources
2015-05-20 11:24:23.610 challenge[8516:267734] [CDVTimer][keyboard] 0.060022ms
2015-05-20 11:24:23.611 challenge[8516:267734] [CDVTimer][TotalPluginStartup] 0.239015ms
2015-05-20 11:24:23.691 challenge[8516:267734] Resetting plugins due to page load.
2015-05-20 11:24:23.890 challenge[8516:267734] Finished load of: file:///Users/averyleider/Library/Developer/CoreSimulator/Devices/97A940CF-F9D6-48FE-8727-259B29C77206/data/Containers/Bundle/Application/8353DB06-0889-4982-B65C-3DCCFBCF8EFF/challenge.app/www/index.html#/dash
2015-05-20 11:25:24.602 challenge[8675:268650] DiskCookieStorage changing policy from 2 to 0, cookie file: file:///Users/averyleider/Library/Developer/CoreSimulator/Devices/97A940CF-F9D6-48FE-8727-259B29C77206/data/Containers/Data/Application/BE9FD4A3-84D8-4694-8EF0-01CA6375082E/Library/Cookies/Cookies.binarycookies
2015-05-20 11:25:24.692 challenge[8675:268650] Apache Cordova native platform version 3.8.0 is starting.
2015-05-20 11:25:24.692 challenge[8675:268650] Multi-tasking -> Device: YES, App: YES
2015-05-20 11:25:24.694 challenge[8675:268650] Unlimited access to network resources
2015-05-20 11:25:24.778 challenge[8675:268650] [CDVTimer][keyboard] 0.060022ms
2015-05-20 11:25:24.779 challenge[8675:268650] [CDVTimer][TotalPluginStartup] 0.241995ms
2015-05-20 11:25:24.859 challenge[8675:268650] Resetting plugins due to page load.
2015-05-20 11:25:25.033 challenge[8675:268650] Finished load of: file:///Users/averyleider/Library/Developer/CoreSimulator/Devices/97A940CF-F9D6-48FE-8727-259B29C77206/data/Containers/Bundle/Application/F05E5A24-9A5C-4B6A-889F-348B66693671/challenge.app/www/index.html#/dash
2015-05-20 11:25:46.773 challenge[8983:269457] DiskCookieStorage changing policy from 2 to 0, cookie file: file:///Users/averyleider/Library/Developer/CoreSimulator/Devices/97A940CF-F9D6-48FE-8727-259B29C77206/data/Containers/Data/Application/691ED566-98A9-476A-BAF8-291CA1A87CDF/Library/Cookies/Cookies.binarycookies
2015-05-20 11:25:46.846 challenge[8983:269457] Apache Cordova native platform version 3.8.0 is starting.
2015-05-20 11:25:46.846 challenge[8983:269457] Multi-tasking -> Device: YES, App: YES
2015-05-20 11:25:46.848 challenge[8983:269457] Unlimited access to network resources
2015-05-20 11:25:46.950 challenge[8983:269457] [CDVTimer][keyboard] 0.056982ms
2015-05-20 11:25:46.950 challenge[8983:269457] [CDVTimer][TotalPluginStartup] 0.243962ms
2015-05-20 11:25:47.032 challenge[8983:269457] Resetting plugins due to page load.
2015-05-20 11:25:47.283 challenge[8983:269457] Finished load of: file:///Users/averyleider/Library/Developer/CoreSimulator/Devices/97A940CF-F9D6-48FE-8727-259B29C77206/data/Containers/Bundle/Application/93A18D60-D5AA-449C-B765-BCC784F4E1CC/challenge.app/www/index.html#/dash
2015-05-20 11:26:03.708 challenge[8983:269457] inside function
2015-05-20 11:26:04.429 challenge[8983:269457] [{"user_id":"3","username":"Justin LeClair","avatar_url":"http://dev.apppartner.com/AppPartnerProgrammerTest/images/justin_avatar.png","message":"Hi guys how is the new update coming?"},{"user_id":"4","username":"Drew Johnson","avatar_url":"http://dev.apppartner.com/AppPartnerProgrammerTest/images/drew_avatar.png","message":"Yeah Justin can I get an update as well?"},{"user_id":"2","username":"Greg Guidone","avatar_url":"http://dev.apppartner.com/AppPartnerProgrammerTest/images/greg_avatar.png","message":"Keep me posted..."},{"user_id":"1","username":"Derrick Xu","avatar_url":"http://dev.apppartner.com/AppPartnerProgrammerTest/images/derrick_avatar.png","message":"Well we couldn't get the build out last night, but we are working on it now."},{"user_id":"3","username":"Justin LeClair","avatar_url":"http://dev.apppartner.com/AppPartnerProgrammerTest/images/justin_avatar.png","message":"Ok, how long do you think that will take?"},{"user_id":"1","username":"Derrick Xu","avatar_url":"http://dev.apppartner.com/AppPartnerProgrammerTest/images/derrick_avatar.png","message":"Shouldn't take too long. Maybe about 30 more mins."},{"user_id":"2","username":"Greg Guidone","avatar_url":"http://dev.apppartner.com/AppPartnerProgrammerTest/images/greg_avatar.png","message":"Alright, can you upload it to TestFlight when you are done?"},{"user_id":"1","username":"Derrick Xu","avatar_url":"http://dev.apppartner.com/AppPartnerProgrammerTest/images/derrick_avatar.png","message":"Sure"},{"user_id":"4","username":"Drew Johnson","avatar_url":"http://dev.apppartner.com/AppPartnerProgrammerTest/images/drew_avatar.png","message":"Good news everyone, our app just got featured on the AppStore by Apple!!!"},{"user_id":"3","username":"Justin LeClair","avatar_url":"http://dev.apppartner.com/AppPartnerProgrammerTest/images/justin_avatar.png","message":"OH MAN! Everyone gets a raise!"},{"user_id":"1","username":"Derrick Xu","avatar_url":"http://dev.apppartner.com/AppPartnerProgrammerTest/images/derrick_avatar.png","message":"Now we can buy that super huge turtle tank we always wanted!"},{"user_id":"3","username":"Justin LeClair","avatar_url":"http://dev.apppartner.com/AppPartnerProgrammerTest/images/justin_avatar.png","message":"And a fog machine! Also new computers for everyone!"},{"user_id":"2","username":"Greg Guidone","avatar_url":"http://dev.apppartner.com/AppPartnerProgrammerTest/images/greg_avatar.png","message":"And more snacks for the snack bar?"},{"user_id":"4","username":"Drew Johnson","avatar_url":"http://dev.apppartner.com/AppPartnerProgrammerTest/images/drew_avatar.png","message":"Guys...you do realize this doens'nt mean that we all of a sudden have a ton of new money right???"},{"user_id":"4","username":"Drew Johnson","avatar_url":"http://dev.apppartner.com/AppPartnerProgrammerTest/images/drew_avatar.png","message":"But...I will consider adding new snacks to the snack area."},{"user_id":"1","username":"Derrick Xu","avatar_url":"http://dev.apppartner.com/AppPartnerProgrammerTest/images/derrick_avatar.png","message":"Builds done!"},{"user_id":"4","username":"Drew Johnson","avatar_url":"http://dev.apppartner.com/AppPartnerProgrammerTest/images/drew_avatar.png","message":"Hey, looks like we got a few more programmer tests to grade."},{"user_id":"3","username":"Justin LeClair","avatar_url":"http://dev.apppartner.com/AppPartnerProgrammerTest/images/justin_avatar.png","message":"I wonder how well they did on the Chat Section..."},{"user_id":"1","username":"Derrick Xu","avatar_url":"http://dev.apppartner.com/AppPartnerProgrammerTest/images/derrick_avatar.png","message":"I hope they added a cool bonus to the Animation Section!"}]
2015-05-20 11:27:34.117 challenge[9440:271006] DiskCookieStorage changing policy from 2 to 0, cookie file: file:///Users/averyleider/Library/Developer/CoreSimulator/Devices/97A940CF-F9D6-48FE-8727-259B29C77206/data/Containers/Data/Application/C9AD7D67-C8A2-49ED-B54B-322E8F3109AC/Library/Cookies/Cookies.binarycookies
2015-05-20 11:27:34.203 challenge[9440:271006] Apache Cordova native platform version 3.8.0 is starting.
2015-05-20 11:27:34.204 challenge[9440:271006] Multi-tasking -> Device: YES, App: YES
2015-05-20 11:27:34.206 challenge[9440:271006] Unlimited access to network resources
2015-05-20 11:27:34.286 challenge[9440:271006] [CDVTimer][keyboard] 0.060022ms
2015-05-20 11:27:34.286 challenge[9440:271006] [CDVTimer][TotalPluginStartup] 0.240028ms
2015-05-20 11:27:34.374 challenge[9440:271006] Resetting plugins due to page load.
2015-05-20 11:27:34.580 challenge[9440:271006] Finished load of: file:///Users/averyleider/Library/Developer/CoreSimulator/Devices/97A940CF-F9D6-48FE-8727-259B29C77206/data/Containers/Bundle/Application/A0A84416-9E84-4927-B031-F46516F0A670/challenge.app/www/index.html#/dash
2015-05-20 11:47:25.709 challenge[10713:283831] DiskCookieStorage changing policy from 2 to 0, cookie file: file:///Users/averyleider/Library/Developer/CoreSimulator/Devices/97A940CF-F9D6-48FE-8727-259B29C77206/data/Containers/Data/Application/93841F98-D5A0-4915-8ECF-B0B64603A27F/Library/Cookies/Cookies.binarycookies
2015-05-20 11:47:26.248 challenge[10713:283831] Apache Cordova native platform version 3.8.0 is starting.
2015-05-20 11:47:26.248 challenge[10713:283831] Multi-tasking -> Device: YES, App: YES
2015-05-20 11:47:26.274 challenge[10713:283831] Unlimited access to network resources
2015-05-20 11:47:26.756 challenge[10713:283831] [CDVTimer][keyboard] 0.061989ms
2015-05-20 11:47:26.756 challenge[10713:283831] [CDVTimer][TotalPluginStartup] 0.262976ms
2015-05-20 11:47:27.098 challenge[10713:283831] Resetting plugins due to page load.
2015-05-20 11:47:27.989 challenge[10713:283831] Finished load of: file:///Users/averyleider/Library/Developer/CoreSimulator/Devices/97A940CF-F9D6-48FE-8727-259B29C77206/data/Containers/Bundle/Application/A3CD2EA3-6D80-406B-BFE1-B2ECD5500F91/challenge.app/www/index.html#/dash
2015-05-20 11:47:36.213 challenge[10713:283934] Communications error: <OS_xpc_error: <error: 0x2d715f4> { count = 1, contents =
	"XPCErrorDescription" => <string: 0x2d7183c> { length = 22, contents = "Connection interrupted" }
}>
2015-05-20 11:47:51.855 challenge[10713:283960] void SendDelegateMessage(NSInvocation *): delegate (webView:runJavaScriptAlertPanelWithMessage:initiatedByFrame:) failed to return after waiting 10 seconds. main run loop mode: kCFRunLoopDefaultMode
2015-05-20 11:48:56.501 challenge[11071:286152] DiskCookieStorage changing policy from 2 to 0, cookie file: file:///Users/averyleider/Library/Developer/CoreSimulator/Devices/97A940CF-F9D6-48FE-8727-259B29C77206/data/Containers/Data/Application/18E2C5CF-D454-448C-BD89-F9A40BDBFE1E/Library/Cookies/Cookies.binarycookies
2015-05-20 11:48:56.639 challenge[11071:286152] Apache Cordova native platform version 3.8.0 is starting.
2015-05-20 11:48:56.639 challenge[11071:286152] Multi-tasking -> Device: YES, App: YES
2015-05-20 11:48:56.641 challenge[11071:286152] Unlimited access to network resources
2015-05-20 11:48:56.752 challenge[11071:286152] [CDVTimer][keyboard] 0.123978ms
2015-05-20 11:48:56.752 challenge[11071:286152] [CDVTimer][TotalPluginStartup] 0.518978ms
2015-05-20 11:48:56.873 challenge[11071:286152] Resetting plugins due to page load.
2015-05-20 11:48:57.102 challenge[11071:286152] Finished load of: file:///Users/averyleider/Library/Developer/CoreSimulator/Devices/97A940CF-F9D6-48FE-8727-259B29C77206/data/Containers/Bundle/Application/49DC0BB8-D5AF-447D-BA8C-995A744C1047/challenge.app/www/index.html#/dash
2015-05-20 11:57:40.165 challenge[12582:292276] DiskCookieStorage changing policy from 2 to 0, cookie file: file:///Users/averyleider/Library/Developer/CoreSimulator/Devices/97A940CF-F9D6-48FE-8727-259B29C77206/data/Containers/Data/Application/8FE78D04-FBE5-4C82-8906-1D3B364BEA36/Library/Cookies/Cookies.binarycookies
2015-05-20 11:57:40.272 challenge[12582:292276] Apache Cordova native platform version 3.8.0 is starting.
2015-05-20 11:57:40.273 challenge[12582:292276] Multi-tasking -> Device: YES, App: YES
2015-05-20 11:57:40.276 challenge[12582:292276] Unlimited access to network resources
2015-05-20 11:57:40.396 challenge[12582:292276] [CDVTimer][keyboard] 0.097990ms
2015-05-20 11:57:40.396 challenge[12582:292276] [CDVTimer][TotalPluginStartup] 0.432014ms
2015-05-20 11:57:40.511 challenge[12582:292276] Resetting plugins due to page load.
2015-05-20 11:57:40.744 challenge[12582:292276] Finished load of: file:///Users/averyleider/Library/Developer/CoreSimulator/Devices/97A940CF-F9D6-48FE-8727-259B29C77206/data/Containers/Bundle/Application/FACB09EA-6F09-4727-BB23-E865AA1270C8/challenge.app/www/index.html#/dash
2015-05-20 11:59:27.062 challenge[12903:293880] DiskCookieStorage changing policy from 2 to 0, cookie file: file:///Users/averyleider/Library/Developer/CoreSimulator/Devices/97A940CF-F9D6-48FE-8727-259B29C77206/data/Containers/Data/Application/96CCF52C-6830-4542-B345-A5417FCAF018/Library/Cookies/Cookies.binarycookies
2015-05-20 11:59:27.141 challenge[12903:293880] Apache Cordova native platform version 3.8.0 is starting.
2015-05-20 11:59:27.141 challenge[12903:293880] Multi-tasking -> Device: YES, App: YES
2015-05-20 11:59:27.143 challenge[12903:293880] Unlimited access to network resources
2015-05-20 11:59:27.250 challenge[12903:293880] [CDVTimer][keyboard] 0.055015ms
2015-05-20 11:59:27.250 challenge[12903:293880] [CDVTimer][TotalPluginStartup] 0.241995ms
2015-05-20 11:59:27.339 challenge[12903:293880] Resetting plugins due to page load.
2015-05-20 11:59:27.649 challenge[12903:293880] Finished load of: file:///Users/averyleider/Library/Developer/CoreSimulator/Devices/97A940CF-F9D6-48FE-8727-259B29C77206/data/Containers/Bundle/Application/055C3FC8-0D88-4579-A8A9-048D4A1B65F5/challenge.app/www/index.html#/dash
2015-05-20 12:00:26.743 challenge[13214:295005] DiskCookieStorage changing policy from 2 to 0, cookie file: file:///Users/averyleider/Library/Developer/CoreSimulator/Devices/97A940CF-F9D6-48FE-8727-259B29C77206/data/Containers/Data/Application/42F0C23F-0AFC-4995-BB7B-CD94272DF242/Library/Cookies/Cookies.binarycookies
2015-05-20 12:00:26.827 challenge[13214:295005] Apache Cordova native platform version 3.8.0 is starting.
2015-05-20 12:00:26.827 challenge[13214:295005] Multi-tasking -> Device: YES, App: YES
2015-05-20 12:00:26.829 challenge[13214:295005] Unlimited access to network resources
2015-05-20 12:00:26.920 challenge[13214:295005] [CDVTimer][keyboard] 0.108004ms
2015-05-20 12:00:26.920 challenge[13214:295005] [CDVTimer][TotalPluginStartup] 0.416040ms
2015-05-20 12:00:27.010 challenge[13214:295005] Resetting plugins due to page load.
2015-05-20 12:00:27.220 challenge[13214:295005] Finished load of: file:///Users/averyleider/Library/Developer/CoreSimulator/Devices/97A940CF-F9D6-48FE-8727-259B29C77206/data/Containers/Bundle/Application/4E4B799D-2EAD-47BB-B62C-73ED66FEE182/challenge.app/www/index.html#/dash
2015-05-20 12:00:49.814 challenge[13214:295005] inside function
2015-05-20 12:00:50.541 challenge[13214:295005] [{"user_id":"3","username":"Justin LeClair","avatar_url":"http://dev.apppartner.com/AppPartnerProgrammerTest/images/justin_avatar.png","message":"Hi guys how is the new update coming?"},{"user_id":"4","username":"Drew Johnson","avatar_url":"http://dev.apppartner.com/AppPartnerProgrammerTest/images/drew_avatar.png","message":"Yeah Justin can I get an update as well?"},{"user_id":"2","username":"Greg Guidone","avatar_url":"http://dev.apppartner.com/AppPartnerProgrammerTest/images/greg_avatar.png","message":"Keep me posted..."},{"user_id":"1","username":"Derrick Xu","avatar_url":"http://dev.apppartner.com/AppPartnerProgrammerTest/images/derrick_avatar.png","message":"Well we couldn't get the build out last night, but we are working on it now."},{"user_id":"3","username":"Justin LeClair","avatar_url":"http://dev.apppartner.com/AppPartnerProgrammerTest/images/justin_avatar.png","message":"Ok, how long do you think that will take?"},{"user_id":"1","username":"Derrick Xu","avatar_url":"http://dev.apppartner.com/AppPartnerProgrammerTest/images/derrick_avatar.png","message":"Shouldn't take too long. Maybe about 30 more mins."},{"user_id":"2","username":"Greg Guidone","avatar_url":"http://dev.apppartner.com/AppPartnerProgrammerTest/images/greg_avatar.png","message":"Alright, can you upload it to TestFlight when you are done?"},{"user_id":"1","username":"Derrick Xu","avatar_url":"http://dev.apppartner.com/AppPartnerProgrammerTest/images/derrick_avatar.png","message":"Sure"},{"user_id":"4","username":"Drew Johnson","avatar_url":"http://dev.apppartner.com/AppPartnerProgrammerTest/images/drew_avatar.png","message":"Good news everyone, our app just got featured on the AppStore by Apple!!!"},{"user_id":"3","username":"Justin LeClair","avatar_url":"http://dev.apppartner.com/AppPartnerProgrammerTest/images/justin_avatar.png","message":"OH MAN! Everyone gets a raise!"},{"user_id":"1","username":"Derrick Xu","avatar_url":"http://dev.apppartner.com/AppPartnerProgrammerTest/images/derrick_avatar.png","message":"Now we can buy that super huge turtle tank we always wanted!"},{"user_id":"3","username":"Justin LeClair","avatar_url":"http://dev.apppartner.com/AppPartnerProgrammerTest/images/justin_avatar.png","message":"And a fog machine! Also new computers for everyone!"},{"user_id":"2","username":"Greg Guidone","avatar_url":"http://dev.apppartner.com/AppPartnerProgrammerTest/images/greg_avatar.png","message":"And more snacks for the snack bar?"},{"user_id":"4","username":"Drew Johnson","avatar_url":"http://dev.apppartner.com/AppPartnerProgrammerTest/images/drew_avatar.png","message":"Guys...you do realize this doens'nt mean that we all of a sudden have a ton of new money right???"},{"user_id":"4","username":"Drew Johnson","avatar_url":"http://dev.apppartner.com/AppPartnerProgrammerTest/images/drew_avatar.png","message":"But...I will consider adding new snacks to the snack area."},{"user_id":"1","username":"Derrick Xu","avatar_url":"http://dev.apppartner.com/AppPartnerProgrammerTest/images/derrick_avatar.png","message":"Builds done!"},{"user_id":"4","username":"Drew Johnson","avatar_url":"http://dev.apppartner.com/AppPartnerProgrammerTest/images/drew_avatar.png","message":"Hey, looks like we got a few more programmer tests to grade."},{"user_id":"3","username":"Justin LeClair","avatar_url":"http://dev.apppartner.com/AppPartnerProgrammerTest/images/justin_avatar.png","message":"I wonder how well they did on the Chat Section..."},{"user_id":"1","username":"Derrick Xu","avatar_url":"http://dev.apppartner.com/AppPartnerProgrammerTest/images/derrick_avatar.png","message":"I hope they added a cool bonus to the Animation Section!"}]
2015-05-20 12:01:18.908 challenge[13527:296224] DiskCookieStorage changing policy from 2 to 0, cookie file: file:///Users/averyleider/Library/Developer/CoreSimulator/Devices/97A940CF-F9D6-48FE-8727-259B29C77206/data/Containers/Data/Application/BD2B42A9-7EE2-4D33-9098-9C5785977189/Library/Cookies/Cookies.binarycookies
2015-05-20 12:01:19.001 challenge[13527:296224] Apache Cordova native platform version 3.8.0 is starting.
2015-05-20 12:01:19.001 challenge[13527:296224] Multi-tasking -> Device: YES, App: YES
2015-05-20 12:01:19.004 challenge[13527:296224] Unlimited access to network resources
2015-05-20 12:01:19.141 challenge[13527:296224] [CDVTimer][keyboard] 0.138998ms
2015-05-20 12:01:19.141 challenge[13527:296224] [CDVTimer][TotalPluginStartup] 0.504017ms
2015-05-20 12:01:19.242 challenge[13527:296224] Resetting plugins due to page load.
2015-05-20 12:01:19.484 challenge[13527:296224] Finished load of: file:///Users/averyleider/Library/Developer/CoreSimulator/Devices/97A940CF-F9D6-48FE-8727-259B29C77206/data/Containers/Bundle/Application/4D160378-5D45-42B9-9597-A90E78C5641F/challenge.app/www/index.html#/dash
2015-05-21 21:17:51.924 challenge[5496:14986] DiskCookieStorage changing policy from 2 to 0, cookie file: file:///Users/averyleider/Library/Developer/CoreSimulator/Devices/97A940CF-F9D6-48FE-8727-259B29C77206/data/Containers/Data/Application/326CA9C8-DC9B-43CA-BC9F-7294A7568AD6/Library/Cookies/Cookies.binarycookies
2015-05-21 21:17:52.370 challenge[5496:14986] Apache Cordova native platform version 3.8.0 is starting.
2015-05-21 21:17:52.371 challenge[5496:14986] Multi-tasking -> Device: YES, App: YES
2015-05-21 21:17:52.401 challenge[5496:14986] Unlimited access to network resources
2015-05-21 21:17:52.908 challenge[5496:14986] [CDVTimer][keyboard] 0.061989ms
2015-05-21 21:17:52.909 challenge[5496:14986] [CDVTimer][TotalPluginStartup] 0.274956ms
2015-05-21 21:17:53.268 challenge[5496:14986] Resetting plugins due to page load.
2015-05-21 21:17:53.563 challenge[5496:14986] Finished load of: file:///Users/averyleider/Library/Developer/CoreSimulator/Devices/97A940CF-F9D6-48FE-8727-259B29C77206/data/Containers/Bundle/Application/04ADD06B-AFEA-448F-B5F3-D94D8A23B92B/challenge.app/www/index.html#/dash
2015-05-21 21:18:30.497 challenge[5817:15881] DiskCookieStorage changing policy from 2 to 0, cookie file: file:///Users/averyleider/Library/Developer/CoreSimulator/Devices/97A940CF-F9D6-48FE-8727-259B29C77206/data/Containers/Data/Application/0A55E658-712C-4AAA-9800-E149730F39C3/Library/Cookies/Cookies.binarycookies
2015-05-21 21:18:30.578 challenge[5817:15881] Apache Cordova native platform version 3.8.0 is starting.
2015-05-21 21:18:30.578 challenge[5817:15881] Multi-tasking -> Device: YES, App: YES
2015-05-21 21:18:30.580 challenge[5817:15881] Unlimited access to network resources
2015-05-21 21:18:30.673 challenge[5817:15881] [CDVTimer][keyboard] 0.059009ms
2015-05-21 21:18:30.673 challenge[5817:15881] [CDVTimer][TotalPluginStartup] 0.239968ms
2015-05-21 21:18:30.772 challenge[5817:15881] Resetting plugins due to page load.
2015-05-21 21:18:30.960 challenge[5817:15881] Finished load of: file:///Users/averyleider/Library/Developer/CoreSimulator/Devices/97A940CF-F9D6-48FE-8727-259B29C77206/data/Containers/Bundle/Application/01422AC8-EBE2-42EA-AD13-2F636AAD7099/challenge.app/www/index.html#/dash
2015-05-21 21:23:04.426 challenge[6150:18156] DiskCookieStorage changing policy from 2 to 0, cookie file: file:///Users/averyleider/Library/Developer/CoreSimulator/Devices/97A940CF-F9D6-48FE-8727-259B29C77206/data/Containers/Data/Application/08135D58-3348-4138-A3D5-C95C204DA4F0/Library/Cookies/Cookies.binarycookies
2015-05-21 21:23:04.498 challenge[6150:18156] Apache Cordova native platform version 3.8.0 is starting.
2015-05-21 21:23:04.499 challenge[6150:18156] Multi-tasking -> Device: YES, App: YES
2015-05-21 21:23:04.501 challenge[6150:18156] Unlimited access to network resources
2015-05-21 21:23:04.589 challenge[6150:18156] [CDVTimer][keyboard] 0.057995ms
2015-05-21 21:23:04.589 challenge[6150:18156] [CDVTimer][TotalPluginStartup] 0.241995ms
2015-05-21 21:23:04.667 challenge[6150:18156] Resetting plugins due to page load.
2015-05-21 21:23:04.961 challenge[6150:18156] Finished load of: file:///Users/averyleider/Library/Developer/CoreSimulator/Devices/97A940CF-F9D6-48FE-8727-259B29C77206/data/Containers/Bundle/Application/47D6CBF0-BFF2-417A-AD15-D2D005B283A6/challenge.app/www/index.html#/dash
2015-05-21 21:23:10.745 challenge[6150:18156] {"code":"Error","message":"Invalid Parameters"}
2015-05-21 21:23:46.373 challenge[6150:18156] {"code":"Error","message":"Invalid Parameters"}
2015-05-21 21:24:28.884 challenge[6461:19359] DiskCookieStorage changing policy from 2 to 0, cookie file: file:///Users/averyleider/Library/Developer/CoreSimulator/Devices/97A940CF-F9D6-48FE-8727-259B29C77206/data/Containers/Data/Application/7C3D419E-506C-4027-9571-1F9D4720ED39/Library/Cookies/Cookies.binarycookies
2015-05-21 21:24:28.969 challenge[6461:19359] Apache Cordova native platform version 3.8.0 is starting.
2015-05-21 21:24:28.969 challenge[6461:19359] Multi-tasking -> Device: YES, App: YES
2015-05-21 21:24:28.971 challenge[6461:19359] Unlimited access to network resources
2015-05-21 21:24:29.101 challenge[6461:19359] [CDVTimer][keyboard] 0.097990ms
2015-05-21 21:24:29.102 challenge[6461:19359] [CDVTimer][TotalPluginStartup] 0.392020ms
2015-05-21 21:24:29.191 challenge[6461:19359] Resetting plugins due to page load.
2015-05-21 21:24:29.376 challenge[6461:19359] Finished load of: file:///Users/averyleider/Library/Developer/CoreSimulator/Devices/97A940CF-F9D6-48FE-8727-259B29C77206/data/Containers/Bundle/Application/53D8E722-7CE0-4AB7-94DF-0420A2589199/challenge.app/www/index.html#/dash
2015-05-21 21:24:31.762 challenge[6461:19359] {"code":"Error","message":"Invalid Parameters"}
2015-05-21 21:24:33.371 challenge[6461:19359] {"code":"Error","message":"Invalid Parameters"}
2015-05-21 21:24:34.566 challenge[6461:19359] {"code":"Error","message":"Invalid Parameters"}
2015-05-21 21:24:34.823 challenge[6461:19359] {"code":"Error","message":"Invalid Parameters"}
2015-05-21 21:24:34.934 challenge[6461:19359] {"code":"Error","message":"Invalid Parameters"}
2015-05-21 21:24:35.989 challenge[6461:19359] {"code":"Error","message":"Invalid Parameters"}
2015-05-21 21:24:36.234 challenge[6461:19359] {"code":"Error","message":"Invalid Parameters"}
2015-05-21 21:25:14.816 challenge[6773:20244] DiskCookieStorage changing policy from 2 to 0, cookie file: file:///Users/averyleider/Library/Developer/CoreSimulator/Devices/97A940CF-F9D6-48FE-8727-259B29C77206/data/Containers/Data/Application/8E178213-A1AE-4E73-8103-915D2E632C63/Library/Cookies/Cookies.binarycookies
2015-05-21 21:25:14.908 challenge[6773:20244] Apache Cordova native platform version 3.8.0 is starting.
2015-05-21 21:25:14.909 challenge[6773:20244] Multi-tasking -> Device: YES, App: YES
2015-05-21 21:25:14.911 challenge[6773:20244] Unlimited access to network resources
2015-05-21 21:25:15.023 challenge[6773:20244] [CDVTimer][keyboard] 0.096023ms
2015-05-21 21:25:15.023 challenge[6773:20244] [CDVTimer][TotalPluginStartup] 0.387013ms
2015-05-21 21:25:15.107 challenge[6773:20244] Resetting plugins due to page load.
2015-05-21 21:25:15.325 challenge[6773:20244] Finished load of: file:///Users/averyleider/Library/Developer/CoreSimulator/Devices/97A940CF-F9D6-48FE-8727-259B29C77206/data/Containers/Bundle/Application/67D74810-5E0D-45EE-83C2-432898B4AC89/challenge.app/www/index.html#/dash
2015-05-21 21:25:19.670 challenge[6773:20244] {"code":"Error","message":"Invalid Parameters"}
2015-05-21 21:26:27.198 challenge[7085:21258] DiskCookieStorage changing policy from 2 to 0, cookie file: file:///Users/averyleider/Library/Developer/CoreSimulator/Devices/97A940CF-F9D6-48FE-8727-259B29C77206/data/Containers/Data/Application/FA4FEC1E-0714-43E3-9518-627ED26CAC4D/Library/Cookies/Cookies.binarycookies
2015-05-21 21:26:27.303 challenge[7085:21258] Apache Cordova native platform version 3.8.0 is starting.
2015-05-21 21:26:27.304 challenge[7085:21258] Multi-tasking -> Device: YES, App: YES
2015-05-21 21:26:27.307 challenge[7085:21258] Unlimited access to network resources
2015-05-21 21:26:27.419 challenge[7085:21258] [CDVTimer][keyboard] 0.088990ms
2015-05-21 21:26:27.420 challenge[7085:21258] [CDVTimer][TotalPluginStartup] 0.307977ms
2015-05-21 21:26:27.512 challenge[7085:21258] Resetting plugins due to page load.
2015-05-21 21:26:27.712 challenge[7085:21258] Finished load of: file:///Users/averyleider/Library/Developer/CoreSimulator/Devices/97A940CF-F9D6-48FE-8727-259B29C77206/data/Containers/Bundle/Application/C2787759-3E5B-4163-A387-A23B2E35EA81/challenge.app/www/index.html
2015-05-21 21:29:17.721 challenge[7569:23456] DiskCookieStorage changing policy from 2 to 0, cookie file: file:///Users/averyleider/Library/Developer/CoreSimulator/Devices/97A940CF-F9D6-48FE-8727-259B29C77206/data/Containers/Data/Application/3EC4611F-1DB6-4DC8-A8D6-E0B0F9956810/Library/Cookies/Cookies.binarycookies
2015-05-21 21:29:17.815 challenge[7569:23456] Apache Cordova native platform version 3.8.0 is starting.
2015-05-21 21:29:17.816 challenge[7569:23456] Multi-tasking -> Device: YES, App: YES
2015-05-21 21:29:17.817 challenge[7569:23456] Unlimited access to network resources
2015-05-21 21:29:17.904 challenge[7569:23456] [CDVTimer][keyboard] 0.059962ms
2015-05-21 21:29:17.904 challenge[7569:23456] [CDVTimer][TotalPluginStartup] 0.250041ms
2015-05-21 21:29:17.978 challenge[7569:23456] Resetting plugins due to page load.
2015-05-21 21:29:18.164 challenge[7569:23456] Finished load of: file:///Users/averyleider/Library/Developer/CoreSimulator/Devices/97A940CF-F9D6-48FE-8727-259B29C77206/data/Containers/Bundle/Application/7A96AB6F-B3EC-45CC-AC29-8DDE334A2511/challenge.app/www/index.html#/dash
2015-05-21 21:29:23.016 challenge[7569:23456] {"code":"Error","message":"Invalid Parameters"}
2015-05-21 21:29:26.947 challenge[7569:23456] {"code":"Error","message":"Invalid Parameters"}
2015-05-21 21:32:46.206 challenge[7745:25230] DiskCookieStorage changing policy from 2 to 0, cookie file: file:///Users/averyleider/Library/Developer/CoreSimulator/Devices/97A940CF-F9D6-48FE-8727-259B29C77206/data/Containers/Data/Application/275BE3A7-A432-414C-88E7-7736FB42E3F4/Library/Cookies/Cookies.binarycookies
2015-05-21 21:32:46.292 challenge[7745:25230] Apache Cordova native platform version 3.8.0 is starting.
2015-05-21 21:32:46.292 challenge[7745:25230] Multi-tasking -> Device: YES, App: YES
2015-05-21 21:32:46.295 challenge[7745:25230] Unlimited access to network resources
2015-05-21 21:32:46.389 challenge[7745:25230] [CDVTimer][keyboard] 0.105023ms
2015-05-21 21:32:46.389 challenge[7745:25230] [CDVTimer][TotalPluginStartup] 0.378966ms
2015-05-21 21:32:46.486 challenge[7745:25230] Resetting plugins due to page load.
2015-05-21 21:32:46.891 challenge[7745:25230] Finished load of: http://192.168.0.30:8100/#/dash
2015-05-21 21:33:24.206 challenge[7745:25230] Resetting plugins due to page load.
2015-05-21 21:33:24.328 challenge[7745:25230] Finished load of: http://192.168.0.30:8100/#/account
2015-05-21 21:33:53.748 challenge[7907:26129] DiskCookieStorage changing policy from 2 to 0, cookie file: file:///Users/averyleider/Library/Developer/CoreSimulator/Devices/97A940CF-F9D6-48FE-8727-259B29C77206/data/Containers/Data/Application/09F9A00D-DF76-4712-8444-056F95683C2C/Library/Cookies/Cookies.binarycookies
2015-05-21 21:33:53.843 challenge[7907:26129] Apache Cordova native platform version 3.8.0 is starting.
2015-05-21 21:33:53.843 challenge[7907:26129] Multi-tasking -> Device: YES, App: YES
2015-05-21 21:33:53.845 challenge[7907:26129] Unlimited access to network resources
2015-05-21 21:33:53.927 challenge[7907:26129] [CDVTimer][keyboard] 0.057995ms
2015-05-21 21:33:53.928 challenge[7907:26129] [CDVTimer][TotalPluginStartup] 0.243962ms
2015-05-21 21:33:54.012 challenge[7907:26129] Resetting plugins due to page load.
2015-05-21 21:34:10.704 challenge[8215:26879] DiskCookieStorage changing policy from 2 to 0, cookie file: file:///Users/averyleider/Library/Developer/CoreSimulator/Devices/97A940CF-F9D6-48FE-8727-259B29C77206/data/Containers/Data/Application/53850D5A-31BB-4201-8C5B-44BE69B30568/Library/Cookies/Cookies.binarycookies
2015-05-21 21:34:10.796 challenge[8215:26879] Apache Cordova native platform version 3.8.0 is starting.
2015-05-21 21:34:10.797 challenge[8215:26879] Multi-tasking -> Device: YES, App: YES
2015-05-21 21:34:10.800 challenge[8215:26879] Unlimited access to network resources
2015-05-21 21:34:10.891 challenge[8215:26879] [CDVTimer][keyboard] 0.053048ms
2015-05-21 21:34:10.891 challenge[8215:26879] [CDVTimer][TotalPluginStartup] 0.240028ms
2015-05-21 21:34:10.957 challenge[8215:26879] Resetting plugins due to page load.
2015-05-21 21:34:11.183 challenge[8215:26879] Finished load of: file:///Users/averyleider/Library/Developer/CoreSimulator/Devices/97A940CF-F9D6-48FE-8727-259B29C77206/data/Containers/Bundle/Application/433D22CC-938A-4888-8D63-EB7EE107110C/challenge.app/www/index.html#/dash
2015-05-21 21:35:08.220 challenge[8528:28008] DiskCookieStorage changing policy from 2 to 0, cookie file: file:///Users/averyleider/Library/Developer/CoreSimulator/Devices/97A940CF-F9D6-48FE-8727-259B29C77206/data/Containers/Data/Application/BE0304BB-B49F-4914-8150-A4637720D16A/Library/Cookies/Cookies.binarycookies
2015-05-21 21:35:08.315 challenge[8528:28008] Apache Cordova native platform version 3.8.0 is starting.
2015-05-21 21:35:08.316 challenge[8528:28008] Multi-tasking -> Device: YES, App: YES
2015-05-21 21:35:08.318 challenge[8528:28008] Unlimited access to network resources
2015-05-21 21:35:08.406 challenge[8528:28008] [CDVTimer][keyboard] 0.057995ms
2015-05-21 21:35:08.406 challenge[8528:28008] [CDVTimer][TotalPluginStartup] 0.249028ms
2015-05-21 21:35:08.487 challenge[8528:28008] Resetting plugins due to page load.
2015-05-21 21:35:08.706 challenge[8528:28008] Finished load of: file:///Users/averyleider/Library/Developer/CoreSimulator/Devices/97A940CF-F9D6-48FE-8727-259B29C77206/data/Containers/Bundle/Application/0BC71421-019C-4F27-A037-AA781F6AE5E6/challenge.app/www/index.html#/dash
2015-05-21 21:35:12.943 challenge[8528:28008] {"code":"Error","message":"Invalid Parameters"}
2015-05-21 21:38:27.724 challenge[8876:30364] DiskCookieStorage changing policy from 2 to 0, cookie file: file:///Users/averyleider/Library/Developer/CoreSimulator/Devices/97A940CF-F9D6-48FE-8727-259B29C77206/data/Containers/Data/Application/91A5F25B-CD81-498E-B81D-B58113778AEB/Library/Cookies/Cookies.binarycookies
2015-05-21 21:38:27.827 challenge[8876:30364] Apache Cordova native platform version 3.8.0 is starting.
2015-05-21 21:38:27.828 challenge[8876:30364] Multi-tasking -> Device: YES, App: YES
2015-05-21 21:38:27.831 challenge[8876:30364] Unlimited access to network resources
2015-05-21 21:38:27.935 challenge[8876:30364] [CDVTimer][keyboard] 0.060022ms
2015-05-21 21:38:27.935 challenge[8876:30364] [CDVTimer][TotalPluginStartup] 0.241995ms
2015-05-21 21:38:28.015 challenge[8876:30364] Resetting plugins due to page load.
2015-05-21 21:38:28.208 challenge[8876:30364] Finished load of: file:///Users/averyleider/Library/Developer/CoreSimulator/Devices/97A940CF-F9D6-48FE-8727-259B29C77206/data/Containers/Bundle/Application/20260298-98EF-4624-9F78-ADB58F5CE813/challenge.app/www/index.html#/dash
2015-05-21 21:42:03.125 challenge[9197:32061] DiskCookieStorage changing policy from 2 to 0, cookie file: file:///Users/averyleider/Library/Developer/CoreSimulator/Devices/97A940CF-F9D6-48FE-8727-259B29C77206/data/Containers/Data/Application/1DE39513-62A8-4F76-B7C8-FEF042F6B2D8/Library/Cookies/Cookies.binarycookies
2015-05-21 21:42:03.223 challenge[9197:32061] Apache Cordova native platform version 3.8.0 is starting.
2015-05-21 21:42:03.224 challenge[9197:32061] Multi-tasking -> Device: YES, App: YES
2015-05-21 21:42:03.226 challenge[9197:32061] Unlimited access to network resources
2015-05-21 21:42:03.313 challenge[9197:32061] [CDVTimer][keyboard] 0.054955ms
2015-05-21 21:42:03.313 challenge[9197:32061] [CDVTimer][TotalPluginStartup] 0.243008ms
2015-05-21 21:42:03.392 challenge[9197:32061] Resetting plugins due to page load.
2015-05-21 21:42:03.617 challenge[9197:32061] Finished load of: file:///Users/averyleider/Library/Developer/CoreSimulator/Devices/97A940CF-F9D6-48FE-8727-259B29C77206/data/Containers/Bundle/Application/0E08D4AE-7C4E-4E90-9282-6FA74C2DC28B/challenge.app/www/index.html#/dash
2015-05-21 21:44:26.086 challenge[9517:33820] DiskCookieStorage changing policy from 2 to 0, cookie file: file:///Users/averyleider/Library/Developer/CoreSimulator/Devices/97A940CF-F9D6-48FE-8727-259B29C77206/data/Containers/Data/Application/D93CD996-6682-4B64-81BD-C2D0B4DC3D5F/Library/Cookies/Cookies.binarycookies
2015-05-21 21:44:26.176 challenge[9517:33820] Apache Cordova native platform version 3.8.0 is starting.
2015-05-21 21:44:26.176 challenge[9517:33820] Multi-tasking -> Device: YES, App: YES
2015-05-21 21:44:26.179 challenge[9517:33820] Unlimited access to network resources
2015-05-21 21:44:26.270 challenge[9517:33820] [CDVTimer][keyboard] 0.056982ms
2015-05-21 21:44:26.270 challenge[9517:33820] [CDVTimer][TotalPluginStartup] 0.241995ms
2015-05-21 21:44:26.347 challenge[9517:33820] Resetting plugins due to page load.
2015-05-21 21:44:26.532 challenge[9517:33820] Finished load of: file:///Users/averyleider/Library/Developer/CoreSimulator/Devices/97A940CF-F9D6-48FE-8727-259B29C77206/data/Containers/Bundle/Application/11CA0914-937A-4F72-A732-3AB537BEF511/challenge.app/www/index.html#/dash
2015-05-21 21:44:35.528 challenge[9517:33820] {"code":"Success","message":"Login Successful!"}
2015-05-21 21:45:43.844 challenge[9831:34948] DiskCookieStorage changing policy from 2 to 0, cookie file: file:///Users/averyleider/Library/Developer/CoreSimulator/Devices/97A940CF-F9D6-48FE-8727-259B29C77206/data/Containers/Data/Application/CAADB2F3-144E-4B59-9539-2F4FAE7C7D36/Library/Cookies/Cookies.binarycookies
2015-05-21 21:45:43.947 challenge[9831:34948] Apache Cordova native platform version 3.8.0 is starting.
2015-05-21 21:45:43.948 challenge[9831:34948] Multi-tasking -> Device: YES, App: YES
2015-05-21 21:45:43.950 challenge[9831:34948] Unlimited access to network resources
2015-05-21 21:45:44.040 challenge[9831:34948] [CDVTimer][keyboard] 0.057995ms
2015-05-21 21:45:44.040 challenge[9831:34948] [CDVTimer][TotalPluginStartup] 0.243962ms
2015-05-21 21:45:44.115 challenge[9831:34948] Resetting plugins due to page load.
2015-05-21 21:45:44.311 challenge[9831:34948] Finished load of: file:///Users/averyleider/Library/Developer/CoreSimulator/Devices/97A940CF-F9D6-48FE-8727-259B29C77206/data/Containers/Bundle/Application/FB65BDB1-A6C5-46D2-8BE6-777C2F917DF9/challenge.app/www/index.html#/dash
2015-05-21 21:45:50.316 challenge[9831:34948] {"code":"Success","message":"Login Successful!"}
2015-05-21 21:46:45.004 challenge[10141:36047] DiskCookieStorage changing policy from 2 to 0, cookie file: file:///Users/averyleider/Library/Developer/CoreSimulator/Devices/97A940CF-F9D6-48FE-8727-259B29C77206/data/Containers/Data/Application/F417EF99-4FB2-48E0-B975-CE8E376DB9BC/Library/Cookies/Cookies.binarycookies
2015-05-21 21:46:45.092 challenge[10141:36047] Apache Cordova native platform version 3.8.0 is starting.
2015-05-21 21:46:45.093 challenge[10141:36047] Multi-tasking -> Device: YES, App: YES
2015-05-21 21:46:45.095 challenge[10141:36047] Unlimited access to network resources
2015-05-21 21:46:45.184 challenge[10141:36047] [CDVTimer][keyboard] 0.055969ms
2015-05-21 21:46:45.184 challenge[10141:36047] [CDVTimer][TotalPluginStartup] 0.241995ms
2015-05-21 21:46:45.240 challenge[10141:36047] Resetting plugins due to page load.
2015-05-21 21:46:45.432 challenge[10141:36047] Finished load of: file:///Users/averyleider/Library/Developer/CoreSimulator/Devices/97A940CF-F9D6-48FE-8727-259B29C77206/data/Containers/Bundle/Application/637A7426-C57A-4E39-8622-E381CF265CAD/challenge.app/www/index.html#/dash
2015-05-21 21:50:10.944 challenge[10489:38374] DiskCookieStorage changing policy from 2 to 0, cookie file: file:///Users/averyleider/Library/Developer/CoreSimulator/Devices/97A940CF-F9D6-48FE-8727-259B29C77206/data/Containers/Data/Application/85DC1920-2180-4C71-AF2A-7CF65A0DA5E4/Library/Cookies/Cookies.binarycookies
2015-05-21 21:50:11.050 challenge[10489:38374] Apache Cordova native platform version 3.8.0 is starting.
2015-05-21 21:50:11.050 challenge[10489:38374] Multi-tasking -> Device: YES, App: YES
2015-05-21 21:50:11.052 challenge[10489:38374] Unlimited access to network resources
2015-05-21 21:50:11.143 challenge[10489:38374] [CDVTimer][keyboard] 0.059009ms
2015-05-21 21:50:11.143 challenge[10489:38374] [CDVTimer][TotalPluginStartup] 0.245988ms
2015-05-21 21:50:11.225 challenge[10489:38374] Resetting plugins due to page load.
2015-05-21 21:50:11.410 challenge[10489:38374] Finished load of: file:///Users/averyleider/Library/Developer/CoreSimulator/Devices/97A940CF-F9D6-48FE-8727-259B29C77206/data/Containers/Bundle/Application/CA324066-0FD8-4925-8A85-3E5AAA3C2233/challenge.app/www/index.html#/dash
2015-05-21 21:50:25.462 challenge[10489:38374] {"code":"Success","message":"Login Successful!"}
2015-05-21 21:51:42.500 challenge[10489:38374] {"code":"Error","message":"Incorrect Username or Password!"}
2015-05-21 21:51:47.821 challenge[10489:38374] {"code":"Error","message":"Incorrect Username or Password!"}
2015-05-21 21:53:41.279 challenge[10946:40030] DiskCookieStorage changing policy from 2 to 0, cookie file: file:///Users/averyleider/Library/Developer/CoreSimulator/Devices/97A940CF-F9D6-48FE-8727-259B29C77206/data/Containers/Data/Application/E6AAF7A5-2B2F-495B-9511-1F085D37D555/Library/Cookies/Cookies.binarycookies
2015-05-21 21:53:41.390 challenge[10946:40030] Apache Cordova native platform version 3.8.0 is starting.
2015-05-21 21:53:41.391 challenge[10946:40030] Multi-tasking -> Device: YES, App: YES
2015-05-21 21:53:41.395 challenge[10946:40030] Unlimited access to network resources
2015-05-21 21:53:41.528 challenge[10946:40030] [CDVTimer][keyboard] 0.108004ms
2015-05-21 21:53:41.528 challenge[10946:40030] [CDVTimer][TotalPluginStartup] 0.438988ms
2015-05-21 21:53:41.623 challenge[10946:40030] Resetting plugins due to page load.
2015-05-21 21:53:41.826 challenge[10946:40030] Finished load of: file:///Users/averyleider/Library/Developer/CoreSimulator/Devices/97A940CF-F9D6-48FE-8727-259B29C77206/data/Containers/Bundle/Application/61E16686-1458-4BC5-85F9-6D8860E7512A/challenge.app/www/index.html#/dash
2015-05-21 21:53:46.210 challenge[10946:40030] {"code":"Error","message":"Incorrect Username or Password!"}
2015-05-21 21:54:24.673 challenge[11253:40824] DiskCookieStorage changing policy from 2 to 0, cookie file: file:///Users/averyleider/Library/Developer/CoreSimulator/Devices/97A940CF-F9D6-48FE-8727-259B29C77206/data/Containers/Data/Application/CD71EF5A-4CF0-4E41-A5C1-D330702D4EBA/Library/Cookies/Cookies.binarycookies
2015-05-21 21:54:24.777 challenge[11253:40824] Apache Cordova native platform version 3.8.0 is starting.
2015-05-21 21:54:24.778 challenge[11253:40824] Multi-tasking -> Device: YES, App: YES
2015-05-21 21:54:24.780 challenge[11253:40824] Unlimited access to network resources
2015-05-21 21:54:24.868 challenge[11253:40824] [CDVTimer][keyboard] 0.054002ms
2015-05-21 21:54:24.868 challenge[11253:40824] [CDVTimer][TotalPluginStartup] 0.242054ms
2015-05-21 21:54:24.946 challenge[11253:40824] Resetting plugins due to page load.
2015-05-21 21:54:25.145 challenge[11253:40824] Finished load of: file:///Users/averyleider/Library/Developer/CoreSimulator/Devices/97A940CF-F9D6-48FE-8727-259B29C77206/data/Containers/Bundle/Application/87025250-CE3B-49FF-A439-A6305220FAB9/challenge.app/www/index.html#/dash
2015-05-21 21:54:29.121 challenge[11253:40824] {"code":"Error","message":"Incorrect Username or Password!"}
2015-05-21 21:55:25.845 challenge[11561:41679] DiskCookieStorage changing policy from 2 to 0, cookie file: file:///Users/averyleider/Library/Developer/CoreSimulator/Devices/97A940CF-F9D6-48FE-8727-259B29C77206/data/Containers/Data/Application/8EB4BC3F-29E1-4535-B863-F032186F7CA5/Library/Cookies/Cookies.binarycookies
2015-05-21 21:55:25.957 challenge[11561:41679] Apache Cordova native platform version 3.8.0 is starting.
2015-05-21 21:55:25.958 challenge[11561:41679] Multi-tasking -> Device: YES, App: YES
2015-05-21 21:55:25.961 challenge[11561:41679] Unlimited access to network resources
2015-05-21 21:55:26.080 challenge[11561:41679] [CDVTimer][keyboard] 0.069022ms
2015-05-21 21:55:26.081 challenge[11561:41679] [CDVTimer][TotalPluginStartup] 0.254989ms
2015-05-21 21:55:26.160 challenge[11561:41679] Resetting plugins due to page load.
2015-05-21 21:55:26.404 challenge[11561:41679] Finished load of: file:///Users/averyleider/Library/Developer/CoreSimulator/Devices/97A940CF-F9D6-48FE-8727-259B29C77206/data/Containers/Bundle/Application/DA8E7B99-1CA3-4DC6-8AC2-41F794F47929/challenge.app/www/index.html#/dash
